time="2022-09-15T17:10:26+03:00" level=info msg="creat router" func="main.main()" file="app.go:15"
time="2022-09-15T17:10:26+03:00" level=info msg="register user handler" func="main.main()" file="app.go:18"
time="2022-09-15T17:10:26+03:00" level=info msg="start app" func="main.start()" file="app.go:28"
time="2022-09-15T17:10:26+03:00" level=info msg="server listening port 0.0.0.0:1234" func="main.start()" file="app.go:40"
time="2022-09-15T19:32:22+03:00" level=info msg="creat router" func="main.main()" file="app.go:20"
time="2022-09-15T19:32:22+03:00" level=info msg="read application configuration" func="rest-api/internal/config.GetConfig.func1()" file="config.go:24"
time="2022-09-15T19:32:22+03:00" level=info msg="register user handler" func="main.main()" file="app.go:24"
time="2022-09-15T19:32:22+03:00" level=info msg="start app" func="main.start()" file="app.go:33"
time="2022-09-15T19:32:22+03:00" level=info msg="listen tcp" func="main.start()" file="app.go:50"
time="2022-09-15T19:32:22+03:00" level=fatal msg="listen tcp: address 0.0.0.0;10000: missing port in address" func="main.start()" file="app.go:56"
time="2022-09-15T19:34:40+03:00" level=info msg="creat router" func="main.main()" file="app.go:20"
time="2022-09-15T19:34:40+03:00" level=info msg="read application configuration" func="rest-api/internal/config.GetConfig.func1()" file="config.go:24"
time="2022-09-15T19:34:40+03:00" level=info msg="register user handler" func="main.main()" file="app.go:24"
time="2022-09-15T19:34:40+03:00" level=info msg="start app" func="main.start()" file="app.go:33"
time="2022-09-15T19:34:40+03:00" level=info msg="listen tcp" func="main.start()" file="app.go:50"
time="2022-09-15T19:34:40+03:00" level=info msg="server listening port 0.0.0.0:10000" func="main.start()" file="app.go:65"
time="2022-09-15T19:35:31+03:00" level=info msg="creat router" func="main.main()" file="app.go:20"
time="2022-09-15T19:35:31+03:00" level=info msg="read application configuration" func="rest-api/internal/config.GetConfig.func1()" file="config.go:24"
time="2022-09-15T19:35:31+03:00" level=info msg="register user handler" func="main.main()" file="app.go:24"
time="2022-09-15T19:35:31+03:00" level=info msg="start app" func="main.start()" file="app.go:33"
time="2022-09-15T19:35:31+03:00" level=info msg="create socket" func="main.start()" file="app.go:43"
time="2022-09-15T19:35:31+03:00" level=debug msg=socket func="main.start()" file="app.go:45"
time="2022-09-15T19:35:31+03:00" level=info msg="listen unix socket" func="main.start()" file="app.go:47"
time="2022-09-15T19:35:31+03:00" level=info msg="server listening port 127.0.0.1:8080" func="main.start()" file="app.go:65"
time="2022-09-15T19:38:53+03:00" level=info msg="creat router" func="main.main()" file="app.go:20"
time="2022-09-15T19:38:53+03:00" level=info msg="read application configuration" func="rest-api/internal/config.GetConfig.func1()" file="config.go:24"
time="2022-09-15T19:38:53+03:00" level=info msg="register user handler" func="main.main()" file="app.go:24"
time="2022-09-15T19:38:53+03:00" level=info msg="start app" func="main.start()" file="app.go:33"
time="2022-09-15T19:38:53+03:00" level=info msg="create socket" func="main.start()" file="app.go:43"
time="2022-09-15T19:38:53+03:00" level=debug msg=socket func="main.start()" file="app.go:45"
time="2022-09-15T19:38:53+03:00" level=info msg="listen unix socket" func="main.start()" file="app.go:47"
time="2022-09-15T19:42:21+03:00" level=info msg="creat router" func="main.main()" file="app.go:20"
time="2022-09-15T19:42:21+03:00" level=info msg="read application configuration" func="rest-api/internal/config.GetConfig.func1()" file="config.go:24"
time="2022-09-15T19:42:21+03:00" level=info msg="register user handler" func="main.main()" file="app.go:24"
time="2022-09-15T19:42:21+03:00" level=info msg="start app" func="main.start()" file="app.go:33"
time="2022-09-15T19:42:21+03:00" level=info msg="detect app path" func="main.start()" file="app.go:39"
time="2022-09-15T19:42:21+03:00" level=info msg="create socket" func="main.start()" file="app.go:44"
time="2022-09-15T19:42:21+03:00" level=info msg="listen unix socket" func="main.start()" file="app.go:47"
time="2022-09-15T19:42:21+03:00" level=debug msg="server listening unix socket: /Users/Gera/repository/rest-api/build/app.sock" func="main.start()" file="app.go:49"
time="2022-09-15T19:42:21+03:00" level=fatal msg="listen unix /Users/Gera/repository/rest-api/build/app.sock: bind: address already in use" func="main.start()" file="app.go:57"
time="2022-09-15T19:44:37+03:00" level=info msg="creat router" func="main.main()" file="app.go:20"
time="2022-09-15T19:44:37+03:00" level=info msg="read application configuration" func="rest-api/internal/config.GetConfig.func1()" file="config.go:24"
time="2022-09-15T19:44:37+03:00" level=info msg="register user handler" func="main.main()" file="app.go:24"
time="2022-09-15T19:44:37+03:00" level=info msg="start app" func="main.start()" file="app.go:33"
time="2022-09-15T19:44:37+03:00" level=info msg="detect app path" func="main.start()" file="app.go:39"
time="2022-09-15T19:44:37+03:00" level=info msg="create socket" func="main.start()" file="app.go:44"
time="2022-09-15T19:44:37+03:00" level=info msg="listen unix socket" func="main.start()" file="app.go:47"
time="2022-09-15T19:44:37+03:00" level=debug msg="server listening unix socket: /Users/Gera/repository/rest-api/build/app.sock" func="main.start()" file="app.go:49"
time="2022-09-15T19:44:37+03:00" level=fatal msg="listen unix /Users/Gera/repository/rest-api/build/app.sock: bind: address already in use" func="main.start()" file="app.go:57"
time="2022-09-15T19:46:15+03:00" level=info msg="creat router" func="main.main()" file="app.go:20"
time="2022-09-15T19:46:15+03:00" level=info msg="read application configuration" func="rest-api/internal/config.GetConfig.func1()" file="config.go:24"
time="2022-09-15T19:46:15+03:00" level=info msg="register user handler" func="main.main()" file="app.go:24"
time="2022-09-15T19:46:15+03:00" level=info msg="start app" func="main.start()" file="app.go:33"
time="2022-09-15T19:46:15+03:00" level=info msg="detect app path" func="main.start()" file="app.go:39"
time="2022-09-15T19:46:15+03:00" level=info msg="create socket" func="main.start()" file="app.go:44"
time="2022-09-15T19:46:15+03:00" level=info msg="listen unix socket" func="main.start()" file="app.go:47"
time="2022-09-15T19:46:15+03:00" level=info msg="server listening unix socket: /Users/Gera/repository/rest-api/build/app.sock" func="main.start()" file="app.go:49"
time="2022-09-15T19:46:15+03:00" level=fatal msg="listen unix /Users/Gera/repository/rest-api/build/app.sock: bind: address already in use" func="main.start()" file="app.go:57"
time="2022-09-15T19:46:37+03:00" level=info msg="creat router" func="main.main()" file="app.go:20"
time="2022-09-15T19:46:37+03:00" level=info msg="read application configuration" func="rest-api/internal/config.GetConfig.func1()" file="config.go:24"
time="2022-09-15T19:46:37+03:00" level=info msg="register user handler" func="main.main()" file="app.go:24"
time="2022-09-15T19:46:37+03:00" level=info msg="start app" func="main.start()" file="app.go:33"
time="2022-09-15T19:46:37+03:00" level=info msg="detect app path" func="main.start()" file="app.go:39"
time="2022-09-15T19:46:37+03:00" level=info msg="create socket" func="main.start()" file="app.go:44"
time="2022-09-15T19:46:37+03:00" level=info msg="listen unix socket" func="main.start()" file="app.go:47"
time="2022-09-15T19:46:37+03:00" level=info msg="server listening unix socket: /Users/Gera/repository/rest-api/build/app.sock" func="main.start()" file="app.go:49"
time="2022-09-15T19:46:37+03:00" level=fatal msg="listen unix /Users/Gera/repository/rest-api/build/app.sock: bind: address already in use" func="main.start()" file="app.go:57"
time="2022-09-15T19:46:54+03:00" level=info msg="creat router" func="main.main()" file="app.go:20"
time="2022-09-15T19:46:54+03:00" level=info msg="read application configuration" func="rest-api/internal/config.GetConfig.func1()" file="config.go:24"
time="2022-09-15T19:46:54+03:00" level=info msg="register user handler" func="main.main()" file="app.go:24"
time="2022-09-15T19:46:54+03:00" level=info msg="start app" func="main.start()" file="app.go:33"
time="2022-09-15T19:46:54+03:00" level=info msg="detect app path" func="main.start()" file="app.go:39"
time="2022-09-15T19:46:54+03:00" level=info msg="create socket" func="main.start()" file="app.go:44"
time="2022-09-15T19:46:54+03:00" level=info msg="listen unix socket" func="main.start()" file="app.go:47"
time="2022-09-15T19:46:54+03:00" level=info msg="server listening unix socket: /Users/Gera/repository/rest-api/build/app.sock" func="main.start()" file="app.go:49"
time="2022-09-15T19:46:54+03:00" level=fatal msg="listen unix /Users/Gera/repository/rest-api/build/app.sock: bind: address already in use" func="main.start()" file="app.go:57"
time="2022-09-15T19:50:58+03:00" level=info msg="creat router" func="main.main()" file="app.go:20"
time="2022-09-15T19:50:58+03:00" level=info msg="read application configuration" func="rest-api/internal/config.GetConfig.func1()" file="config.go:24"
time="2022-09-15T19:50:58+03:00" level=info msg="register user handler" func="main.main()" file="app.go:24"
time="2022-09-15T19:50:58+03:00" level=info msg="start app" func="main.start()" file="app.go:33"
time="2022-09-15T19:50:58+03:00" level=info msg="detect app path" func="main.start()" file="app.go:39"
time="2022-09-15T19:50:58+03:00" level=info msg="create socket" func="main.start()" file="app.go:44"
time="2022-09-15T19:50:58+03:00" level=info msg="listen unix socket" func="main.start()" file="app.go:47"
time="2022-09-15T19:50:58+03:00" level=info msg="server listening unix socket: /Users/Gera/repository/rest-api/build/app.sock" func="main.start()" file="app.go:49"
time="2022-09-15T19:50:58+03:00" level=fatal msg="listen unix /Users/Gera/repository/rest-api/build/app.sock: bind: address already in use" func="main.start()" file="app.go:57"
